-------------------------------------------------------------------------------
Test set: com.employee.management.PocApplicationTests
-------------------------------------------------------------------------------
Tests run: 1, Failures: 0, Errors: 1, Skipped: 0, Time elapsed: 0.748 s <<< FAILURE! - in com.employee.management.PocApplicationTests
com.employee.management.PocApplicationTests  Time elapsed: 0.743 s  <<< ERROR!
java.lang.IllegalStateException: Unable to find a @SpringBootConfiguration, you need to use @ContextConfiguration or @SpringBootTest(classes=...) with your test

